
当前时间19-05-21 05:57:19

服务器ID：1

耗时(s)=1409.7201628685

-------------------------------------------------------------------

当前时间19-05-21 06:20:48

服务器ID：2

耗时(s)=326.97921013832

-------------------------------------------------------------------

当前时间19-05-21 06:26:15

服务器ID：3

耗时(s)=203.45836687088

-------------------------------------------------------------------

当前时间19-05-21 06:29:39

服务器ID：4

耗时(s)=109.21155905724

-------------------------------------------------------------------

当前时间19-05-21 06:31:28

服务器ID：5

耗时(s)=164.84984493256

-------------------------------------------------------------------

当前时间19-05-21 06:34:13

服务器ID：6

耗时(s)=94.537276029587

-------------------------------------------------------------------

当前时间19-05-21 06:35:48

服务器ID：7

耗时(s)=125.31832408905

-------------------------------------------------------------------

当前时间19-05-21 06:37:53

服务器ID：8

耗时(s)=92.929347038269

-------------------------------------------------------------------

当前时间19-05-21 06:39:26

服务器ID：9

耗时(s)=103.67775011063

-------------------------------------------------------------------

当前时间19-05-21 06:41:10

服务器ID：10

耗时(s)=67.232070922852

-------------------------------------------------------------------

当前时间19-05-21 06:42:17

服务器ID：11

耗时(s)=76.966763019562

-------------------------------------------------------------------

当前时间19-05-21 06:43:34

服务器ID：12

耗时(s)=85.141785860062

-------------------------------------------------------------------

当前时间19-05-21 06:44:59

服务器ID：13

耗时(s)=25.975776195526

-------------------------------------------------------------------

当前时间19-05-21 06:45:25

服务器ID：14

耗时(s)=21.246016979218

-------------------------------------------------------------------

当前时间19-05-21 06:45:46

服务器ID：15

耗时(s)=25.559041023254

-------------------------------------------------------------------

当前时间19-05-21 06:46:12

服务器ID：16

耗时(s)=28.460510015488

-------------------------------------------------------------------

当前时间19-05-21 06:46:41

服务器ID：17

耗时(s)=33.271645069122

-------------------------------------------------------------------

当前时间19-05-21 06:47:14

服务器ID：18

耗时(s)=31.452733039856

-------------------------------------------------------------------

当前时间19-05-21 06:47:45

服务器ID：19

耗时(s)=36.782293081284

-------------------------------------------------------------------

当前时间19-05-21 06:48:22

服务器ID：20

耗时(s)=465.56462001801

-------------------------------------------------------------------

当前时间19-05-21 06:56:08

服务器ID：21

耗时(s)=85.390552043915

-------------------------------------------------------------------

当前时间19-05-21 06:57:33

服务器ID：22

耗时(s)=33.77444601059

-------------------------------------------------------------------

当前时间19-05-21 06:58:07

服务器ID：23

耗时(s)=30.593693971634

-------------------------------------------------------------------

当前时间19-05-21 06:58:38

服务器ID：24

耗时(s)=1.6926259994507

-------------------------------------------------------------------

当前时间19-05-21 06:58:39

服务器ID：25

胜负正常不处理

耗时(s)=0.012558937072754

-------------------------------------------------------------------

当前时间19-05-21 06:58:39

服务器ID：26

耗时(s)=29.756046056747

-------------------------------------------------------------------

当前时间19-05-21 06:59:09

服务器ID：27

耗时(s)=19.220901012421

-------------------------------------------------------------------

当前时间19-05-21 06:59:28

服务器ID：28

耗时(s)=16.719765901566

-------------------------------------------------------------------

当前时间19-05-21 06:59:45

服务器ID：29

耗时(s)=21.964426994324

-------------------------------------------------------------------

当前时间19-05-21 07:00:08

服务器ID：30

耗时(s)=15.197396039963

-------------------------------------------------------------------

当前时间19-05-21 07:00:23

服务器ID：31

耗时(s)=20.089201927185

-------------------------------------------------------------------

当前时间19-05-21 07:00:43

服务器ID：32

胜负正常不处理

耗时(s)=0.013135194778442

-------------------------------------------------------------------

当前时间19-05-21 07:00:43

服务器ID：33

耗时(s)=11.659326076508

-------------------------------------------------------------------

当前时间19-05-21 07:00:55

服务器ID：34

胜负正常不处理

耗时(s)=0.013170003890991

-------------------------------------------------------------------

当前时间19-05-21 07:00:55

服务器ID：35

耗时(s)=30.207942962646

-------------------------------------------------------------------

当前时间19-05-21 07:01:25

服务器ID：36

耗时(s)=28.665421009064

-------------------------------------------------------------------

当前时间19-05-21 07:01:54

服务器ID：37

耗时(s)=15.800976991653

-------------------------------------------------------------------

当前时间19-05-21 07:02:10

服务器ID：38

耗时(s)=22.509173870087

-------------------------------------------------------------------

当前时间19-05-21 07:02:32

服务器ID：39

耗时(s)=21.335483074188

-------------------------------------------------------------------

当前时间19-05-21 07:02:54

服务器ID：40

耗时(s)=88.118273019791

-------------------------------------------------------------------

当前时间19-05-21 07:04:22

服务器ID：41

耗时(s)=75.990829944611

-------------------------------------------------------------------

当前时间19-05-21 07:05:38

服务器ID：42

耗时(s)=16.829750061035

-------------------------------------------------------------------

当前时间19-05-21 07:05:55

服务器ID：43

耗时(s)=56.114008903503

-------------------------------------------------------------------

当前时间19-05-21 07:06:51

服务器ID：44

耗时(s)=77.403636932373

-------------------------------------------------------------------

当前时间19-05-21 07:08:08

服务器ID：46

耗时(s)=164.04596805573

-------------------------------------------------------------------

当前时间19-05-21 07:10:52

服务器ID：47

耗时(s)=57.194641828537

-------------------------------------------------------------------

当前时间19-05-21 07:11:50

服务器ID：48

耗时(s)=165.7012629509

-------------------------------------------------------------------

当前时间19-05-21 07:14:35

服务器ID：49

耗时(s)=810.06088519096

-------------------------------------------------------------------

当前时间19-05-21 07:28:06

服务器ID：50

耗时(s)=1582.4745540619

-------------------------------------------------------------------

当前时间19-05-21 07:54:28

服务器ID：51

耗时(s)=43.398470163345

-------------------------------------------------------------------

当前时间19-05-21 07:55:12

服务器ID：52

耗时(s)=57.580813884735

-------------------------------------------------------------------

当前时间19-05-21 07:56:09

服务器ID：53

耗时(s)=58.399888038635

-------------------------------------------------------------------

当前时间19-05-21 07:57:08

服务器ID：54

耗时(s)=92.587744951248

-------------------------------------------------------------------

当前时间19-05-21 07:58:40

服务器ID：55

耗时(s)=96.398385047913

-------------------------------------------------------------------

当前时间19-05-21 08:00:17

服务器ID：56

耗时(s)=234.36023187637

-------------------------------------------------------------------

当前时间19-05-21 08:04:11

服务器ID：57

耗时(s)=288.56042003632

-------------------------------------------------------------------

当前时间19-05-21 08:09:00

服务器ID：58

耗时(s)=265.91339182854

-------------------------------------------------------------------

当前时间19-05-21 08:13:26

服务器ID：59

耗时(s)=254.93588590622

-------------------------------------------------------------------

当前时间19-05-21 08:17:41

服务器ID：60

耗时(s)=468.07231116295

-------------------------------------------------------------------

当前时间19-05-21 08:25:29

服务器ID：61

耗时(s)=450.46693301201

-------------------------------------------------------------------

当前时间19-05-21 08:32:59

服务器ID：62

耗时(s)=495.02517580986

-------------------------------------------------------------------

当前时间19-05-21 08:41:15

服务器ID：63

耗时(s)=384.27949786186

-------------------------------------------------------------------

当前时间19-05-21 08:47:39

服务器ID：64

耗时(s)=710.82994484901

-------------------------------------------------------------------

当前时间19-05-21 08:59:30

服务器ID：65

耗时(s)=249.73625993729

-------------------------------------------------------------------

当前时间19-05-21 09:03:40

服务器ID：66

耗时(s)=65.491824865341

-------------------------------------------------------------------
