success:[2001201];
success:[26005150];
success:[27009095];
success:[39003261];
success:[6007308];
success:[2004534];
success:[2000156];
success:[6011147];
success:[28005306];
success:[10004019];
success:[1044916];
success:[26008387];
success:[23003730];
success:[5010446];
success:[33005975];
success:[16003028];
success:[36010194];
success:[2007905];
success:[22006999];
success:[20009707];
success:[12001742];
success:[20015025];
success:[7012788];
success:[18000582];
success:[23002514];
success:[38002599];
success:[4006909];
success:[28010192];
success:[11011729];
success:[10001983];
success:[1051277];
success:[22005149];
success:[11007615];
success:[1053222];
success:[11001932];
success:[32004375];
success:[3006071];
success:[4010151];
success:[3006099];
success:[39010116];
success:[1056803];
success:[20010480];
success:[21003299];
success:[44005992];
success:[18005812];
success:[8011742];
success:[35013743];
success:[16006631];
success:[4010998];
success:[1037218];
success:[2008545];
success:[1039047];
success:[24001486];
success:[7007998];
success:[3004445];
success:[2005729];
success:[25004659];
success:[1051761];
success:[1040021];
success:[13000403];
success:[23005460];
success:[39011242];
success:[25004177];
success:[45000027];
success:[2006624];
success:[22002411];
success:[1044525];
success:[4003975];
success:[10009107];
success:[15006117];
success:[20000265];
success:[22008613];
success:[30000041];
success:[5001528];
success:[20004358];
success:[8012551];
success:[22005715];
success:[14007488];
success:[21006326];
success:[1041278];
success:[31008453];
success:[12006157];
success:[30005923];
success:[13006842];
success:[31007280];
success:[44004150];
success:[1047368];
success:[31008739];
success:[1043685];
success:[1039551];
success:[10009642];
success:[23009133];
success:[35002719];
success:[1045230];
success:[4009660];
success:[43009545];
success:[3000115];
success:[3002162];
success:[18004433];
success:[1045751];
success:[10004578];
success:[3007971];
success:[35011185];
success:[28004030];
success:[6003778];
success:[4004572];
success:[1037720];
success:[45000087];
success:[4001033];
success:[4006310];
success:[34007260];
success:[1052670];
success:[9010814];
success:[29004990];
success:[3010235];
success:[31007389];
success:[15010461];
success:[22009653];
success:[43013194];
success:[10011557];
success:[12017706];
success:[2009095];
success:[35006983];
success:[22002955];
success:[6011538];
success:[9008110];
success:[2005252];
success:[22008112];
success:[35012895];
success:[3010142];
success:[20011151];
success:[6005269];
success:[2006136];
success:[11009481];
success:[19010038];
success:[9000159];
success:[23006602];
success:[5001083];
success:[26007549];
success:[4000946];
success:[1047497];
success:[5005521];
success:[42005979];
success:[3003983];
success:[6005455];
success:[7004752];
success:[15006399];
success:[23009010];
success:[17000868];
success:[14001741];
success:[4005439];
success:[36009877];
success:[1043594];
success:[9011520];
success:[11012972];
success:[12001540];
success:[4011327];
success:[10006928];
success:[9008532];
success:[17010214];
success:[2009530];
success:[31007155];
