success:[1042002];
success:[1039145];
success:[3000347];
success:[4005650];
success:[5000513];
success:[5008300];
success:[6002972];
success:[7003548];
success:[8001406];
success:[10004333];
success:[11012432];
success:[11007318];
success:[22008799];
success:[7003874];
success:[21011679];
success:[23002463];
success:[34000093];
success:[37001056];
success:[40009369];
success:[43001983];
success:[2003527];
success:[13002371];
success:[13004052];
success:[35007044];
success:[5003621];
success:[43004255];
success:[1047450];
success:[1039864];
success:[1042091];
success:[1042447];
success:[1044043];
success:[1045431];
success:[1037606];
success:[2005489];
success:[2012219];
success:[2007108];
success:[3007963];
success:[3002597];
success:[4001207];
success:[4004121];
success:[5004369];
success:[5007274];
success:[10006162];
success:[11013847];
success:[12006294];
success:[14010684];
success:[5010636];
success:[6007846];
success:[11002984];
success:[22004735];
success:[23003380];
success:[26008802];
success:[28003305];
success:[31010826];
success:[15002622];
success:[43009881];
success:[1045831];
success:[3005827];
success:[12014682];
success:[8005886];
success:[8008197];
success:[1058025];
success:[1035816];
success:[1037422];
success:[1035536];
success:[1033643];
success:[1050943];
success:[1050093];
success:[1045776];
success:[1041236];
success:[1042460];
success:[1042828];
success:[1035449];
success:[1046309];
success:[1045848];
success:[1048324];
success:[1046660];
success:[1045925];
success:[1041461];
success:[1036928];
success:[2008790];
success:[2001016];
success:[2005333];
success:[2008544];
success:[2000716];
success:[2009056];
success:[3003211];
success:[4007002];
success:[4002865];
success:[4000998];
success:[4006065];
success:[4000368];
success:[5007436];
success:[5010234];
success:[6009493];
success:[6000459];
success:[7010141];
success:[8000754];
success:[8012276];
success:[9011966];
success:[10003963];
success:[10008667];
success:[10001052];
success:[11005999];
success:[11006365];
success:[11006941];
success:[12001295];
success:[13007551];
success:[14007558];
success:[16000351];
success:[16005496];
success:[18010883];
success:[18001453];
success:[18008413];
success:[20006118];
success:[21009218];
success:[22006078];
success:[1046389];
success:[1038882];
success:[1060197];
success:[2002414];
success:[3002037];
success:[3004776];
success:[5000655];
success:[5009395];
success:[8009170];
success:[11011430];
success:[12011353];
success:[12009953];
success:[17000054];
success:[21012897];
success:[23003132];
success:[23006646];
success:[23005648];
success:[24000448];
success:[26006006];
success:[27011612];
success:[29001595];
success:[29004751];
success:[31000688];
success:[31006415];
success:[32006583];
success:[33008747];
success:[33000412];
success:[10005377];
success:[13011196];
success:[24000888];
success:[29003784];
success:[34014103];
success:[36003005];
success:[37001248];
success:[37001390];
success:[37002422];
success:[38002452];
success:[38011981];
success:[38005950];
success:[41003604];
success:[41006807];
success:[41008414];
success:[41011820];
success:[41008182];
success:[41003786];
success:[42007896];
success:[42007042];
success:[42010586];
success:[42010569];
success:[42008673];
success:[43009977];
success:[43007436];
success:[43008465];
success:[17012521];
success:[26007651];
success:[36005740];
success:[40011693];
success:[42012044];
success:[43011919];
success:[44008162];
success:[45009825];
success:[45002350];
success:[45000308];
success:[45000275];
success:[2003931];
success:[10009677];
success:[5009842];
success:[1042550];
success:[1046440];
success:[1035847];
success:[1050870];
success:[2009360];
success:[3003881];
success:[4006655];
success:[5003848];
success:[5007945];
success:[8011217];
success:[9012970];
success:[12013978];
success:[13006815];
success:[16008473];
success:[21001295];
success:[4011594];
success:[23000224];
success:[28009072];
success:[33009159];
success:[34013788];
success:[38000774];
success:[41001455];
success:[43002480];
success:[2006462];
success:[2000905];
success:[1040325];
success:[1039162];
success:[1042134];
success:[2011849];
success:[6005988];
success:[7009610];
success:[7009052];
success:[8006240];
success:[8008048];
success:[11013169];
success:[5006892];
success:[11000566];
success:[23006615];
success:[44003084];
success:[4005923];
success:[5007183];
success:[1035493];
success:[2003758];
success:[2007529];
success:[2000093];
success:[2000087];
success:[2002058];
success:[3002674];
success:[5008301];
success:[8002321];
success:[10004054];
success:[10006589];
success:[14007522];
success:[3009989];
success:[4009692];
success:[5008346];
success:[6004153];
success:[20003410];
success:[27009683];
success:[28008435];
success:[31003017];
success:[34007305];
success:[35009329];
success:[18010212];
success:[35004150];
success:[1053071];
success:[5009788];
success:[29002913];
success:[9005275];
success:[9003012];
success:[10010723];
success:[12001922];
success:[19003326];
success:[1037310];
success:[1039177];
success:[20014094];
success:[24000751];
success:[26004244];
success:[45006629];
success:[12005782];
success:[14008966];
success:[26002979];
success:[1051032];
success:[1036260];
success:[1040000];
success:[2000388];
success:[8002287];
success:[10006534];
success:[11011109];
success:[2012590];
success:[5011856];
success:[26001789];
success:[37001079];
success:[44005355];
success:[1046870];
success:[3004520];
success:[12004644];
success:[1047575];
success:[2009815];
success:[3001523];
success:[3009134];
success:[3004419];
success:[3009744];
success:[3010292];
success:[5001541];
success:[5006550];
success:[6003735];
success:[6008742];
success:[8008944];
success:[10000427];
success:[16011088];
success:[4006630];
success:[5009974];
success:[6012669];
success:[16006589];
success:[21001384];
success:[26006883];
success:[28009079];
success:[30001235];
success:[30004734];
success:[35000021];
success:[36004605];
success:[36008271];
success:[38007996];
success:[30012201];
success:[4001897];
success:[10000823];
success:[22003304];
success:[1040025];
success:[2001326];
success:[2000875];
success:[3000491];
success:[10011764];
success:[15009513];
success:[29002694];
success:[29005269];
success:[12006015];
success:[1034320];
success:[1048567];
success:[4005367];
success:[5000679];
success:[6002198];
success:[8009462];
success:[8006635];
success:[8005761];
success:[9010994];
success:[23004027];
success:[30012388];
success:[34011930];
success:[34012052];
success:[1061462];
success:[43011576];
success:[3005038];
success:[8005629];
success:[33006817];
success:[1040868];
success:[2006857];
success:[2003932];
success:[2008193];
success:[3008694];
success:[3005139];
success:[4009687];
success:[5006055];
success:[8000350];
success:[10004663];
success:[11005763];
success:[17009899];
success:[1038874];
success:[8006934];
success:[24000334];
success:[25005585];
success:[30007267];
success:[31013019];
success:[37001217];
success:[42007487];
success:[6000749];
success:[20023661];
success:[3009450];
success:[11004763];
success:[5009923];
success:[12000405];
success:[23006474];
success:[1044380];
success:[4003347];
success:[4000229];
success:[13007128];
success:[15009359];
success:[10010661];
success:[12000518];
success:[14005390];
success:[22010367];
success:[42005928];
success:[1042198];
success:[11005252];
success:[21014888];
success:[24000634];
success:[26008243];
success:[2009596];
success:[5002597];
success:[8009666];
success:[8011946];
success:[12000534];
success:[15008331];
success:[19005599];
success:[19002766];
success:[26012537];
success:[32004909];
success:[20002547];
success:[30008118];
success:[32011777];
success:[37007082];
success:[44012050];
success:[1043720];
success:[25005159];
success:[44004846];
success:[1035049];
success:[1042183];
success:[1037914];
success:[1046881];
success:[2002571];
success:[2000160];
success:[4008006];
success:[5003543];
success:[6008074];
success:[6008482];
success:[7010323];
success:[7000883];
success:[9007909];
success:[9002046];
success:[9010432];
success:[9007944];
success:[11013794];
success:[11000236];
success:[12002889];
success:[13002885];
success:[16008247];
success:[16009652];
success:[19005624];
success:[2004791];
success:[12008112];
success:[13004305];
success:[21007335];
success:[25009082];
success:[29000047];
success:[31006625];
success:[30000465];
success:[31002519];
success:[39003371];
success:[41002382];
success:[45012647];
success:[4006141];
success:[7003183];
success:[29011792];
success:[8001298];
success:[45005161];
success:[1043128];
success:[1046377];
success:[1041465];
success:[5003925];
success:[7006029];
success:[8010337];
success:[14003553];
success:[18006424];
success:[26004553];
success:[27005569];
success:[29011856];
success:[40007186];
success:[6004654];
success:[28008584];
success:[1045883];
success:[1042046];
success:[1046173];
success:[2004768];
success:[2007842];
success:[2009196];
success:[2008174];
success:[2008163];
success:[2003394];
success:[2008991];
success:[3006093];
success:[3005149];
success:[3005899];
success:[4006796];
success:[4001553];
success:[4003498];
success:[5008792];
success:[5001853];
success:[6003526];
success:[6000838];
success:[6002336];
success:[7000044];
success:[8008083];
success:[8006705];
success:[9012704];
success:[9007383];
success:[9005808];
success:[11007408];
success:[11008922];
success:[11003709];
success:[12010083];
success:[12005264];
success:[12000774];
success:[15005067];
success:[18003084];
success:[21008064];
success:[22000963];
success:[5006248];
success:[12004897];
success:[20010215];
success:[23005914];
success:[23005226];
success:[25004362];
success:[28010750];
success:[29002634];
success:[32009684];
success:[35001756];
success:[23010497];
success:[27011190];
success:[34010152];
success:[35007650];
success:[37000563];
success:[38001157];
success:[38004337];
success:[39003449];
success:[41013881];
success:[11005759];
success:[41014772];
success:[44010471];
success:[46005863];
success:[1045509];
success:[13008042];
success:[1041388];
success:[1044469];
success:[1039222];
success:[1042874];
success:[2011117];
success:[2004236];
success:[2009308];
success:[2000361];
success:[2001396];
success:[3007343];
success:[3000521];
success:[3006188];
success:[3005339];
success:[4003053];
success:[5004181];
success:[8003018];
success:[10010199];
success:[10009062];
success:[10010742];
success:[19002177];
success:[21004393];
success:[11012915];
success:[13003700];
success:[18009259];
success:[23008256];
success:[31006400];
success:[37000923];
success:[39001638];
success:[40000759];
success:[40000525];
success:[42010823];
success:[27010801];
success:[1037832];
success:[4000958];
success:[6002653];
success:[9010579];
success:[10002839];
success:[12002941];
success:[15002986];
success:[23001712];
success:[23006292];
success:[5011010];
success:[1041358];
success:[2006254];
success:[2008923];
success:[4006040];
success:[4005522];
success:[5009255];
success:[5007777];
success:[7004103];
success:[7009195];
success:[9010866];
success:[9008911];
success:[10010132];
success:[12001699];
success:[21001475];
success:[8005493];
success:[23002963];
success:[26003084];
success:[31010866];
success:[12012323];
success:[36008004];
success:[38007827];
success:[44004505];
success:[1034297];
success:[2000595];
success:[2000240];
success:[3002725];
success:[3011067];
success:[3005876];
success:[9007600];
success:[10007739];
success:[11012552];
success:[13007272];
success:[1049049];
success:[23009891];
success:[1061125];
success:[10009155];
success:[25008287];
success:[31011615];
success:[1045923];
success:[2002196];
success:[4003729];
success:[5004632];
success:[5001214];
success:[5011160];
success:[8010950];
success:[8009908];
success:[11005783];
success:[14000520];
success:[20008810];
success:[21011018];
success:[2011406];
success:[33006414];
success:[34005332];
success:[36002276];
success:[3007143];
success:[22007439];
success:[1038236];
success:[3006335];
success:[5000686];
success:[20004876];
success:[22009094];
success:[26005828];
success:[28002087];
success:[1049694];
success:[41014025];
success:[38006493];
success:[2009980];
success:[2003609];
success:[1036372];
success:[21002465];
success:[30010206];
success:[35001324];
success:[2011077];
success:[14007191];
success:[17004405];
success:[10008678];
success:[1044452];
success:[5006217];
success:[10001121];
success:[11002698];
success:[43009778];
success:[1052201];
success:[3009477];
success:[4007489];
success:[6010230];
success:[6000954];
success:[10004837];
success:[10006515];
success:[15004342];
success:[16002857];
success:[22012338];
success:[9013712];
success:[21017086];
success:[40006752];
success:[45001314];
success:[3005749];
success:[41013343];
success:[1051589];
success:[2010816];
success:[2002515];
success:[7010493];
success:[13001086];
success:[3002921];
success:[23003741];
success:[31008445];
success:[34008416];
success:[35013341];
success:[36003988];
success:[1045421];
success:[21010687];
success:[1056119];
success:[6004070];
success:[32005489];
success:[46005842];
success:[23002521];
success:[1056519];
success:[2007698];
success:[4003558];
success:[4009216];
success:[8010506];
success:[16009119];
success:[16004511];
success:[17002347];
success:[2004063];
success:[30008168];
success:[30010674];
success:[34012882];
success:[43010918];
success:[43012420];
success:[2001886];
success:[4001678];
success:[6010957];
success:[7011373];
success:[19000575];
success:[3002178];
success:[22006955];
success:[29004861];
success:[35004297];
success:[8005526];
success:[14009444];
success:[32000238];
success:[10009576];
success:[1045503];
success:[2009757];
success:[11005038];
success:[15007047];
success:[1056378];
success:[1058916];
success:[5009575];
success:[9010880];
success:[26007715];
success:[30012791];
success:[34008178];
success:[37002989];
success:[44011898];
success:[2008201];
success:[7004557];
success:[1052195];
success:[43009965];
success:[7011054];
success:[12001530];
success:[12001124];
success:[14009958];
success:[6012725];
success:[29000658];
success:[37002257];
success:[1034943];
success:[3005719];
success:[6003710];
success:[6011009];
success:[9008958];
success:[11004794];
success:[22008342];
success:[4005418];
success:[38013113];
success:[25002833];
success:[2010658];
success:[4002506];
success:[4008823];
success:[5010399];
success:[12010661];
success:[45006056];
success:[4004335];
success:[6005126];
success:[9002783];
success:[10006516];
success:[10008826];
success:[12005342];
success:[17004541];
success:[17008234];
success:[29007031];
success:[42006289];
success:[13008426];
success:[28006060];
success:[34011991];
success:[5004986];
success:[7005194];
success:[9010520];
success:[20000043];
success:[40006000];
success:[40000933];
success:[1035371];
success:[8001880];
success:[18008470];
success:[43012187];
success:[2002621];
success:[2000242];
success:[4002590];
success:[9013408];
success:[2000344];
success:[22003178];
success:[32000314];
success:[39010564];
success:[42003821];
success:[3008427];
success:[3003204];
success:[13007829];
success:[1043519];
success:[10007711];
success:[2003390];
success:[11005488];
success:[16000922];
success:[35000126];
success:[42002808];
success:[29010864];
success:[40000671];
success:[7001649];
success:[2002305];
success:[11008314];
success:[15000078];
success:[26002861];
success:[31005282];
success:[12014042];
success:[19003233];
success:[21004493];
success:[34010963];
success:[1046996];
success:[2002963];
success:[2000677];
success:[17004650];
success:[35008001];
success:[43013139];
success:[19001900];
success:[12011329];
success:[16004660];
success:[21009457];
success:[21000773];
success:[27007858];
success:[2005103];
success:[10003518];
success:[2012241];
success:[10005640];
success:[14000298];
success:[27003668];
success:[1035843];
success:[10013009];
success:[2000218];
success:[3000528];
success:[11010094];
success:[12007234];
success:[44000166];
success:[1035148];
success:[2011488];
success:[2005177];
success:[14007445];
success:[27006604];
success:[46007393];
success:[6010386];
success:[4008852];
success:[10002744];
success:[12004084];
success:[2009681];
success:[22003372];
success:[7005282];
success:[4000299];
success:[8008883];
success:[11014885];
success:[36010319];
success:[1050378];
success:[1036914];
success:[1035582];
success:[3002661];
success:[3004562];
success:[4000940];
success:[7001022];
success:[9000962];
success:[9002054];
success:[13009166];
success:[17004268];
success:[20004901];
success:[20000189];
success:[21009786];
success:[22001874];
success:[23007012];
success:[27000861];
success:[30009737];
success:[31000594];
success:[1049296];
success:[34002145];
success:[35008847];
success:[37000443];
success:[39000316];
success:[41011037];
success:[43010687];
success:[6011810];
success:[43013104];
success:[45001542];
success:[41000746];
success:[46006074];
success:[10002459];
success:[1045304];
success:[1048407];
success:[4001188];
success:[37008689];
success:[35003175];
success:[27001196];
success:[2005785];
success:[4009743];
success:[27004626];
success:[2002523];
success:[4008306];
success:[4003121];
success:[4002647];
success:[7009086];
success:[8005905];
success:[22002755];
success:[24000280];
success:[24002449];
success:[31007117];
success:[35004064];
success:[1046549];
success:[30002409];
success:[44000726];
success:[1044908];
success:[1038927];
success:[4002559];
success:[9006661];
success:[13010178];
success:[17002073];
success:[2005084];
success:[23002373];
success:[1037261];
success:[2003666];
success:[4001199];
success:[10001614];
success:[12003088];
success:[23003236];
success:[37001480];
success:[1048666];
success:[19011411];
success:[8010558];
success:[1048420];
success:[5006210];
success:[5010931];
success:[9010813];
success:[2010977];
success:[33009418];
success:[29006969];
success:[43013397];
success:[9001563];
success:[21006662];
success:[4005083];
success:[10010869];
success:[35009060];
success:[10009175];
success:[1038410];
success:[4010126];
success:[7004120];
success:[10012241];
success:[28001964];
success:[10002848];
success:[35008917];
success:[4001889];
success:[5008044];
success:[30003422];
success:[44002274];
success:[4003229];
success:[1049107];
success:[7011516];
success:[29005587];
success:[33012298];
success:[9005964];
success:[7008472];
success:[29011675];
success:[22005245];
success:[23002544];
success:[37007352];
success:[2007936];
success:[14002191];
success:[43011985];
success:[21001959];
success:[7006612];
success:[17005579];
success:[20013814];
success:[5005726];
success:[5008883];
success:[11004588];
success:[26004911];
success:[28003068];
success:[2004436];
success:[2005932];
success:[12001311];
success:[41013522];
success:[3004311];
success:[37002000];
success:[14000434];
success:[2010225];
success:[6000442];
success:[28001736];
success:[40011214];
success:[1045031];
success:[9006596];
success:[12001091];
success:[8012566];
success:[5009049];
success:[37008804];
success:[6000771];
success:[7008618];
success:[16008084];
success:[28002380];
success:[44008392];
success:[10000133];
success:[12001447];
success:[27006092];
success:[1039942];
success:[14009088];
success:[23003894];
success:[5001658];
success:[19005151];
success:[3003978];
success:[3011132];
success:[4008069];
success:[7003676];
success:[9011612];
success:[32006411];
success:[18000822];
success:[18005103];
success:[4004985];
success:[37001466];
success:[42005767];
success:[30005699];
success:[22007584];
success:[8007196];
success:[1048622];
success:[2000722];
success:[3005493];
success:[22001669];
success:[41004671];
success:[42011134];
success:[43001015];
success:[46003638];
success:[11007074];
success:[22005422];
success:[28005440];
success:[12016236];
success:[44008191];
success:[7009741];
success:[2011240];
success:[1041535];
success:[4002547];
success:[21000466];
success:[41002468];
success:[44001593];
success:[4007450];
success:[7002847];
success:[44001703];
success:[4009845];
success:[6011707];
success:[6007951];
success:[12007001];
success:[22001272];
success:[23002108];
success:[1044120];
success:[2007654];
success:[2003359];
success:[9002148];
success:[10009181];
success:[29003962];
success:[32006819];
success:[35002353];
success:[38011009];
success:[40013293];
success:[40009305];
success:[31013296];
success:[38005711];
success:[40018202];
success:[1047067];
success:[1042822];
success:[1045838];
success:[9011427];
success:[9010843];
success:[11013496];
success:[2003053];
success:[10003990];
success:[30002245];
success:[8007173];
success:[46004598];
success:[7001717];
success:[18011928];
success:[4003398];
success:[3006089];
success:[5003836];
success:[42011789];
success:[22007328];
success:[1035327];
success:[2000983];
success:[3011157];
success:[5011098];
success:[5008401];
success:[6006839];
success:[6000914];
success:[7011199];
success:[9009038];
success:[9006078];
success:[17008108];
success:[27005611];
success:[27004789];
success:[35008717];
success:[21016888];
success:[27008868];
success:[38005039];
success:[9004994];
success:[18007785];
success:[6003037];
success:[2001601];
success:[2009406];
success:[4006858];
success:[15003564];
success:[20010683];
success:[1043328];
success:[7008789];
success:[9009912];
success:[33001968];
success:[2009953];
success:[3009679];
success:[3001860];
success:[12013698];
success:[34010193];
success:[31001341];
success:[1038702];
success:[6007805];
success:[9009600];
success:[2003081];
success:[9007693];
success:[6005766];
success:[36002854];
success:[38014261];
success:[1037047];
success:[2000314];
success:[2003969];
success:[2008111];
success:[5001061];
success:[8001864];
success:[11000866];
success:[46011739];
success:[5000306];
success:[9001280];
success:[4000906];
success:[25001461];
success:[4006317];
success:[38006366];
success:[43011344];
success:[2002734];
success:[3003962];
success:[19000381];
success:[21011660];
success:[28008681];
success:[40012787];
success:[42010623];
success:[46005287];
success:[7010819];
success:[3005640];
success:[4006878];
success:[20003557];
success:[35013150];
success:[45003233];
success:[6008725];
success:[34008506];
success:[2006522];
success:[2006224];
success:[2004629];
success:[2008176];
success:[6003318];
success:[6000449];
success:[8008113];
success:[11009341];
success:[19002767];
success:[5000702];
success:[43006866];
success:[1040117];
success:[11003084];
success:[11001618];
success:[7007271];
success:[1035775];
success:[1052499];
success:[2007229];
success:[9007100];
success:[21017506];
success:[43000501];
success:[11006046];
success:[1035563];
success:[35012576];
success:[1035358];
success:[8005336];
success:[9000941];
success:[14002739];
success:[22007776];
success:[1042287];
success:[2011674];
success:[2002984];
success:[2001214];
success:[8001082];
success:[20000861];
success:[21007732];
success:[8005224];
success:[43002753];
success:[34010395];
success:[1048683];
success:[3004344];
success:[9008037];
success:[18007977];
success:[11004412];
success:[28004035];
success:[42002071];
success:[1041242];
success:[20010768];
success:[41005749];
success:[2002721];
success:[10011718];
success:[42010179];
success:[8012359];
success:[2001989];
success:[9007054];
success:[25001679];
success:[20006011];
success:[36004029];
success:[38002441];
success:[43003736];
success:[43001640];
success:[1037449];
success:[4000374];
success:[6010071];
success:[8009920];
success:[26006765];
success:[1041283];
success:[19008326];
success:[1050347];
success:[3000283];
success:[3002044];
success:[7011432];
success:[9009953];
success:[8005061];
success:[41000965];
success:[8007029];
success:[20013993];
success:[42005359];
success:[10000752];
success:[17003164];
success:[6011091];
success:[2005156];
success:[2000492];
success:[22009533];
success:[28008436];
success:[2007781];
success:[4010263];
success:[3005997];
success:[5001093];
success:[4000458];
success:[43002388];
success:[12002059];
success:[34003430];
success:[34006833];
success:[16012331];
success:[2000918];
success:[8010755];
success:[18011886];
success:[39000389];
success:[9010188];
success:[4000468];
success:[32000287];
success:[25005377];
success:[30008644];
success:[37007447];
success:[22004511];
success:[26003949];
success:[27012261];
success:[33002038];
success:[5000933];
success:[38011822];
success:[45000086];
success:[2001371];
success:[4010088];
success:[31004935];
success:[1038368];
success:[2003277];
success:[5000324];
success:[30007105];
success:[4008511];
success:[2005287];
success:[2000724];
success:[2012947];
success:[8009284];
success:[14003590];
success:[31000610];
success:[11008286];
success:[13008636];
success:[17008537];
success:[37008769];
success:[1037242];
success:[1039065];
success:[7002395];
success:[1048554];
success:[7010971];
success:[36003672];
success:[8009140];
success:[2004892];
success:[6013015];
success:[20005588];
success:[4005636];
success:[44000713];
success:[1047168];
success:[2002024];
success:[7002390];
success:[11009603];
success:[12007352];
success:[2004201];
success:[11012064];
success:[22009677];
success:[40005875];
success:[45003114];
success:[8004341];
success:[5007602];
success:[3002411];
success:[11008527];
success:[6001213];
success:[35003096];
success:[40004469];
success:[41002705];
success:[3001179];
success:[9010918];
success:[9013735];
success:[7004432];
success:[28005632];
success:[39012075];
success:[6003573];
success:[12005930];
success:[12006781];
success:[27011129];
success:[4007813];
success:[17007323];
success:[1048732];
success:[2010923];
success:[3010999];
success:[3000698];
success:[8006434];
success:[12004001];
success:[1043538];
success:[21004095];
success:[27002879];
success:[34001971];
success:[1033968];
success:[6004805];
success:[40003706];
success:[6011347];
success:[22000981];
success:[26000032];
success:[1045041];
success:[31010955];
success:[1040007];
success:[6002549];
success:[30000320];
success:[34013471];
success:[2012026];
success:[2007909];
success:[15008361];
success:[4000915];
success:[23003091];
success:[23008375];
success:[15006215];
success:[8001739];
success:[3011606];
success:[3008447];
success:[20011852];
success:[45002492];
success:[2000966];
success:[44008781];
success:[1047618];
success:[1035600];
success:[9012737];
success:[26012385];
success:[5000446];
success:[10000263];
success:[2006370];
success:[18000066];
success:[15011385];
success:[23000654];
success:[42000026];
success:[1047864];
success:[35008976];
success:[11003476];
success:[29003158];
success:[5003781];
success:[41000086];
success:[5001736];
success:[12016084];
success:[23002691];
success:[40013957];
success:[1046680];
success:[3003829];
success:[5007698];
success:[7012028];
success:[3000325];
success:[19001009];
success:[35005734];
success:[1043243];
success:[9005929];
success:[43004354];
success:[1034373];
success:[3010288];
success:[25008255];
