success:[22006432];
success:[11001698];
success:[37001100];
success:[21002581];
success:[1054362];
success:[11000228];
success:[4008515];
success:[10004962];
success:[6009123];
success:[21003650];
success:[8001266];
success:[29006166];
success:[8001395];
success:[21004189];
success:[9010309];
success:[9004060];
success:[43001831];
success:[1052943];
success:[35003701];
success:[12009472];
success:[12005519];
success:[1035401];
success:[21009561];
success:[35011951];
success:[33000365];
success:[3006227];
success:[1035336];
success:[1047322];
success:[32008146];
success:[3011425];
success:[9005335];
success:[26004116];
success:[44004188];
success:[10000543];
success:[2008515];
success:[43003491];
success:[27004935];
success:[27008593];
success:[30009334];
success:[20011182];
success:[11005286];
success:[1055249];
success:[4003996];
success:[8005970];
success:[28003445];
success:[4001256];
success:[2011644];
success:[3004884];
success:[29007674];
success:[10002813];
success:[26000019];
success:[4010228];
success:[2007720];
success:[1042290];
success:[6001109];
success:[39011615];
success:[18009794];
success:[7010565];
success:[26002875];
success:[1046388];
success:[21018284];
success:[11001971];
success:[1037339];
success:[8003956];
success:[32010024];
success:[1046974];
success:[9008403];
success:[1035751];
success:[32004309];
success:[30007709];
success:[3010856];
success:[21009232];
success:[16005875];
success:[44000310];
success:[30004819];
success:[1044583];
success:[2003877];
success:[34000088];
success:[39011423];
success:[1044265];
success:[44011816];
success:[36010055];
success:[20011054];
success:[4008644];
success:[7005734];
success:[5001673];
success:[1041879];
success:[9010672];
success:[37004931];
success:[1040018];
success:[2007579];
success:[35001975];
success:[45003920];
success:[23005051];
success:[26011541];
success:[30000611];
success:[23005706];
success:[27000361];
success:[19004733];
success:[44010449];
success:[6000537];
success:[4003452];
success:[21013516];
success:[22009615];
success:[8010446];
success:[5000399];
success:[5009482];
success:[33006959];
success:[40012209];
success:[11000494];
success:[1036714];
success:[1042894];
success:[3001426];
success:[7009609];
success:[9000377];
success:[20009130];
success:[17007376];
success:[25002685];
success:[2011703];
success:[1038532];
success:[46007971];
success:[2004582];
success:[2007930];
success:[42011064];
success:[20000676];
success:[6006887];
success:[9008686];
success:[5001141];
success:[30010249];
success:[1043821];
success:[1035494];
success:[2006633];
